<?xml version="1.0" encoding="UTF-8"?>
<testsuite name="com.obeservability.Trace.TraceApplicationTests" tests="1" skipped="0" failures="0" errors="0" timestamp="2024-04-17T05:54:24" hostname="DZSPKL3" time="1.766">
  <properties/>
  <testcase name="contextLoads()" classname="com.obeservability.Trace.TraceApplicationTests" time="1.766"/>
  <system-out><![CDATA[11:24:21.111 [Test worker] INFO org.springframework.test.context.support.AnnotationConfigContextLoaderUtils -- Could not detect default configuration classes for test class [com.obeservability.Trace.TraceApplicationTests]: TraceApplicationTests does not declare any static, non-private, non-final, nested classes annotated with @Configuration.
11:24:21.268 [Test worker] INFO org.springframework.boot.test.context.SpringBootTestContextBootstrapper -- Found @SpringBootConfiguration com.obeservability.Trace.TraceApplication for test class com.obeservability.Trace.TraceApplicationTests

  .   ____          _            __ _ _
 /\\ / ___'_ __ _ _(_)_ __  __ _ \ \ \ \
( ( )\___ | '_ | '_| | '_ \/ _` | \ \ \ \
 \\/  ___)| |_)| | | | | || (_| |  ) ) ) )
  '  |____| .__|_| |_|_| |_\__, | / / / /
 =========|_|==============|___/=/_/_/_/
 :: Spring Boot ::                (v3.2.3)

2024-04-17T11:24:21.838+05:30  INFO 12988 --- [TracingProject] [    Test worker] c.o.Trace.TraceApplicationTests          : Starting TraceApplicationTests using Java 17.0.10 with PID 12988 (started by User in D:\Projects\Observability)
2024-04-17T11:24:21.841+05:30  INFO 12988 --- [TracingProject] [    Test worker] c.o.Trace.TraceApplicationTests          : No active profile set, falling back to 1 default profile: "default"
2024-04-17T11:24:23.405+05:30  INFO 12988 --- [TracingProject] [    Test worker] c.o.Trace.RestAPI.RestController         : Remaining tokens: 10
2024-04-17T11:24:24.513+05:30  WARN 12988 --- [TracingProject] [    Test worker] .s.s.UserDetailsServiceAutoConfiguration : 

Using generated security password: 9f436fab-f091-4cf1-8945-0e9a6b6c7d73

This generated password is for development use only. Your security configuration must be updated before running your application in production.

2024-04-17T11:24:24.750+05:30  INFO 12988 --- [TracingProject] [    Test worker] o.s.s.web.DefaultSecurityFilterChain     : Will secure any request with [org.springframework.security.web.session.DisableEncodeUrlFilter@f18b738, org.springframework.security.web.context.request.async.WebAsyncManagerIntegrationFilter@3bc20984, org.springframework.security.web.context.SecurityContextHolderFilter@ee96866, org.springframework.security.web.header.HeaderWriterFilter@71567f33, org.springframework.web.filter.CorsFilter@aca3c85, org.springframework.security.web.csrf.CsrfFilter@5203c80f, org.springframework.security.web.authentication.logout.LogoutFilter@1f758e4f, org.springframework.security.web.authentication.UsernamePasswordAuthenticationFilter@59d5a6fd, org.springframework.security.web.authentication.ui.DefaultLoginPageGeneratingFilter@39f42d0e, org.springframework.security.web.authentication.ui.DefaultLogoutPageGeneratingFilter@45eab322, org.springframework.security.web.authentication.www.BasicAuthenticationFilter@166b11e, org.springframework.security.web.savedrequest.RequestCacheAwareFilter@987a0bb, org.springframework.security.web.servletapi.SecurityContextHolderAwareRequestFilter@1f949ab9, org.springframework.security.web.authentication.AnonymousAuthenticationFilter@f017dd0, org.springframework.security.web.access.ExceptionTranslationFilter@270d5060, org.springframework.security.web.access.intercept.AuthorizationFilter@1ae924f1]
2024-04-17T11:24:24.869+05:30  INFO 12988 --- [TracingProject] [    Test worker] c.o.Trace.TraceApplicationTests          : Started TraceApplicationTests in 3.373 seconds (process running for 5.311)
]]></system-out>
  <system-err><![CDATA[]]></system-err>
</testsuite>
